<?xml version="1.0" encoding="UTF-8"?>
<testsuite name="br.com.trivia.ExampleUnitTest" tests="1" skipped="0" failures="0" errors="0" timestamp="2020-06-28T20:42:32" hostname="rafa-note" time="0.016">
  <properties/>
  <testcase name="addition_isCorrect" classname="br.com.trivia.ExampleUnitTest" time="0.016"/>
  <system-out><![CDATA[]]></system-out>
  <system-err><![CDATA[]]></system-err>
</testsuite>
